<?xml version="1.0" encoding="UTF-8"?>
<testsuite xmlns:xsi="http://www.w3.org/2001/XMLSchema-instance" xsi:noNamespaceSchemaLocation="https://maven.apache.org/surefire/maven-surefire-plugin/xsd/surefire-test-report-3.0.xsd" version="3.0" name="com.six.spacex.SpaceXRepositoryTest" time="0.042" tests="10" errors="0" skipped="0" failures="0">
  <properties>
    <property name="java.specification.version" value="25"/>
    <property name="sun.jnu.encoding" value="UTF-8"/>
    <property name="java.class.path" value="/Users/faxriafrasiyab/Documents/spacex-dragon-repo/target/test-classes:/Users/faxriafrasiyab/Documents/spacex-dragon-repo/target/classes:/Users/faxriafrasiyab/.m2/repository/org/junit/jupiter/junit-jupiter-api/5.10.2/junit-jupiter-api-5.10.2.jar:/Users/faxriafrasiyab/.m2/repository/org/opentest4j/opentest4j/1.3.0/opentest4j-1.3.0.jar:/Users/faxriafrasiyab/.m2/repository/org/junit/platform/junit-platform-commons/1.10.2/junit-platform-commons-1.10.2.jar:/Users/faxriafrasiyab/.m2/repository/org/apiguardian/apiguardian-api/1.1.2/apiguardian-api-1.1.2.jar:/Users/faxriafrasiyab/.m2/repository/org/junit/jupiter/junit-jupiter-engine/5.10.2/junit-jupiter-engine-5.10.2.jar:/Users/faxriafrasiyab/.m2/repository/org/junit/platform/junit-platform-engine/1.10.2/junit-platform-engine-1.10.2.jar:"/>
    <property name="java.vm.vendor" value="Homebrew"/>
    <property name="sun.arch.data.model" value="64"/>
    <property name="java.vendor.url" value="https://github.com/Homebrew/homebrew-core/issues"/>
    <property name="os.name" value="Mac OS X"/>
    <property name="java.vm.specification.version" value="25"/>
    <property name="sun.java.launcher" value="SUN_STANDARD"/>
    <property name="user.country" value="PL"/>
    <property name="sun.boot.library.path" value="/opt/homebrew/Cellar/openjdk/25/libexec/openjdk.jdk/Contents/Home/lib"/>
    <property name="sun.java.command" value="/Users/faxriafrasiyab/Documents/spacex-dragon-repo/target/surefire/surefirebooter-20251004150752593_3.jar /Users/faxriafrasiyab/Documents/spacex-dragon-repo/target/surefire 2025-10-04T15-07-52_542-jvmRun1 surefire-20251004150752593_1tmp surefire_0-20251004150752593_2tmp"/>
    <property name="jdk.debug" value="release"/>
    <property name="surefire.test.class.path" value="/Users/faxriafrasiyab/Documents/spacex-dragon-repo/target/test-classes:/Users/faxriafrasiyab/Documents/spacex-dragon-repo/target/classes:/Users/faxriafrasiyab/.m2/repository/org/junit/jupiter/junit-jupiter-api/5.10.2/junit-jupiter-api-5.10.2.jar:/Users/faxriafrasiyab/.m2/repository/org/opentest4j/opentest4j/1.3.0/opentest4j-1.3.0.jar:/Users/faxriafrasiyab/.m2/repository/org/junit/platform/junit-platform-commons/1.10.2/junit-platform-commons-1.10.2.jar:/Users/faxriafrasiyab/.m2/repository/org/apiguardian/apiguardian-api/1.1.2/apiguardian-api-1.1.2.jar:/Users/faxriafrasiyab/.m2/repository/org/junit/jupiter/junit-jupiter-engine/5.10.2/junit-jupiter-engine-5.10.2.jar:/Users/faxriafrasiyab/.m2/repository/org/junit/platform/junit-platform-engine/1.10.2/junit-platform-engine-1.10.2.jar:"/>
    <property name="sun.cpu.endian" value="little"/>
    <property name="user.home" value="/Users/faxriafrasiyab"/>
    <property name="user.language" value="en"/>
    <property name="java.specification.vendor" value="Oracle Corporation"/>
    <property name="java.version.date" value="2025-09-16"/>
    <property name="java.home" value="/opt/homebrew/Cellar/openjdk/25/libexec/openjdk.jdk/Contents/Home"/>
    <property name="file.separator" value="/"/>
    <property name="basedir" value="/Users/faxriafrasiyab/Documents/spacex-dragon-repo"/>
    <property name="java.vm.compressedOopsMode" value="Zero based"/>
    <property name="line.separator" value="&#10;"/>
    <property name="java.vm.specification.vendor" value="Oracle Corporation"/>
    <property name="java.specification.name" value="Java Platform API Specification"/>
    <property name="apple.awt.application.name" value="ForkedBooter"/>
    <property name="surefire.real.class.path" value="/Users/faxriafrasiyab/Documents/spacex-dragon-repo/target/surefire/surefirebooter-20251004150752593_3.jar"/>
    <property name="sun.management.compiler" value="HotSpot 64-Bit Tiered Compilers"/>
    <property name="java.runtime.version" value="25"/>
    <property name="user.name" value="faxriafrasiyab"/>
    <property name="stdout.encoding" value="UTF-8"/>
    <property name="path.separator" value=":"/>
    <property name="os.version" value="15.6.1"/>
    <property name="java.runtime.name" value="OpenJDK Runtime Environment"/>
    <property name="file.encoding" value="UTF-8"/>
    <property name="java.vm.name" value="OpenJDK 64-Bit Server VM"/>
    <property name="skipTests" value="false"/>
    <property name="java.vendor.version" value="Homebrew"/>
    <property name="localRepository" value="/Users/faxriafrasiyab/.m2/repository"/>
    <property name="java.vendor.url.bug" value="https://github.com/Homebrew/homebrew-core/issues"/>
    <property name="java.io.tmpdir" value="/var/folders/x7/nqpzkxnn1wd3zs9g204q_15r0000gn/T/"/>
    <property name="java.version" value="25"/>
    <property name="user.dir" value="/Users/faxriafrasiyab/Documents/spacex-dragon-repo"/>
    <property name="os.arch" value="aarch64"/>
    <property name="java.vm.specification.name" value="Java Virtual Machine Specification"/>
    <property name="native.encoding" value="UTF-8"/>
    <property name="java.library.path" value="/Users/faxriafrasiyab/Library/Java/Extensions:/Library/Java/Extensions:/Network/Library/Java/Extensions:/System/Library/Java/Extensions:/usr/lib/java:."/>
    <property name="java.vm.info" value="mixed mode, sharing"/>
    <property name="stderr.encoding" value="UTF-8"/>
    <property name="java.vendor" value="Homebrew"/>
    <property name="java.vm.version" value="25"/>
    <property name="stdin.encoding" value="UTF-8"/>
    <property name="sun.io.unicode.encoding" value="UnicodeBig"/>
    <property name="java.class.version" value="69.0"/>
  </properties>
  <testcase name="changeRocketStatus_toInRepair_makesMissionPending" classname="com.six.spacex.SpaceXRepositoryTest" time="0.023"/>
  <testcase name="addRocket_defaultsToOnGround" classname="com.six.spacex.SpaceXRepositoryTest" time="0.0"/>
  <testcase name="cannotSetInSpaceWithoutMission" classname="com.six.spacex.SpaceXRepositoryTest" time="0.001"/>
  <testcase name="cannotAssignToEndedMission" classname="com.six.spacex.SpaceXRepositoryTest" time="0.001"/>
  <testcase name="addMission_defaultsToScheduled" classname="com.six.spacex.SpaceXRepositoryTest" time="0.0"/>
  <testcase name="cannotAssignRocketTwice" classname="com.six.spacex.SpaceXRepositoryTest" time="0.001"/>
  <testcase name="assignRocket_toMission_and_autoStatusRecalc" classname="com.six.spacex.SpaceXRepositoryTest" time="0.001"/>
  <testcase name="summary_ordersByDragonCountDesc_thenNameDesc" classname="com.six.spacex.SpaceXRepositoryTest" time="0.002"/>
  <testcase name="cannotSetInBuildWhenAssigned" classname="com.six.spacex.SpaceXRepositoryTest" time="0.001"/>
  <testcase name="cannotEndMissionWithAssignedRockets" classname="com.six.spacex.SpaceXRepositoryTest" time="0.0"/>
</testsuite>